/administration/standby
PDOException: PDO::__construct(): MySQL server has gone away in /Applications/MAMP/htdocs/smt/library/System/Database.php:69
Stack trace:
#0 /Applications/MAMP/htdocs/smt/library/System/Database.php(69): PDO->__construct('mysql:host=127....', 'root', 'root')
#1 /Applications/MAMP/htdocs/smt/controller/administration/standby.php(26): Database->getQuery('SELECT * FROM p...', Array)
#2 /Applications/MAMP/htdocs/smt/controller/administration.php(9): require_once('/Applications/M...')
#3 /Applications/MAMP/htdocs/smt/library/App/Content.php(74): require_once('/Applications/M...')
#4 /Applications/MAMP/htdocs/smt/library/App/Content.php(34): Content->loadController()
#5 /Applications/MAMP/htdocs/smt/library/App/Base.php(34): Content->__construct()
#6 /Applications/MAMP/htdocs/smt/library/App/Language.php(42): Base->__construct()
#7 /Applications/MAMP/htdocs/smt/library/App/Config.php(64): Language->__construct()
#8 /Applications/MAMP/htdocs/smt/library/App.php(38): Config->__construct()
#9 /Applications/MAMP/htdocs/smt/library/App.php(43): App\App->__construct()
#10 /Applications/MAMP/htdocs/smt/index.php(38): include_once('/Applications/M...')
#11 {main}

Next PDOException: SQLSTATE[HY000] [2006] MySQL server has gone away in /Applications/MAMP/htdocs/smt/library/System/Database.php:69
Stack trace:
#0 /Applications/MAMP/htdocs/smt/library/System/Database.php(69): PDO->__construct('mysql:host=127....', 'root', 'root')
#1 /Applications/MAMP/htdocs/smt/controller/administration/standby.php(26): Database->getQuery('SELECT * FROM p...', Array)
#2 /Applications/MAMP/htdocs/smt/controller/administration.php(9): require_once('/Applications/M...')
#3 /Applications/MAMP/htdocs/smt/library/App/Content.php(74): require_once('/Applications/M...')
#4 /Applications/MAMP/htdocs/smt/library/App/Content.php(34): Content->loadController()
#5 /Applications/MAMP/htdocs/smt/library/App/Base.php(34): Content->__construct()
#6 /Applications/MAMP/htdocs/smt/library/App/Language.php(42): Base->__construct()
#7 /Applications/MAMP/htdocs/smt/library/App/Config.php(64): Language->__construct()
#8 /Applications/MAMP/htdocs/smt/library/App.php(38): Config->__construct()
#9 /Applications/MAMP/htdocs/smt/library/App.php(43): App\App->__construct()
#10 /Applications/MAMP/htdocs/smt/index.php(38): include_once('/Applications/M...')
#11 {main}
27.08.2019 - 05:29Uhr: 



/administration/standby
PDOException: SQLSTATE[HY000] [2002] Connection refused in /Applications/MAMP/htdocs/smt/library/System/Database.php:69
Stack trace:
#0 /Applications/MAMP/htdocs/smt/library/System/Database.php(69): PDO->__construct('mysql:host=127....', 'root', 'root')
#1 /Applications/MAMP/htdocs/smt/library/System/Handler.php(86): Database->getQuery('SELECT * FROM w...', Array)
#2 /Applications/MAMP/htdocs/smt/library/System/Handler.php(42): Handler->loadConfig()
#3 /Applications/MAMP/htdocs/smt/library/App/Base.php(120): Handler->__construct()
#4 /Applications/MAMP/htdocs/smt/library/App/Config.php(108): Base->registerClass('Handler')
#5 /Applications/MAMP/htdocs/smt/library/App/Config.php(40): Config->autoLoader()
#6 /Applications/MAMP/htdocs/smt/library/App.php(38): Config->__construct()
#7 /Applications/MAMP/htdocs/smt/library/App.php(43): App\App->__construct()
#8 /Applications/MAMP/htdocs/smt/index.php(38): include_once('/Applications/M...')
#9 {main}
27.08.2019 - 05:29Uhr: 



/administration/standby
PDOException: SQLSTATE[HY000] [2002] Connection refused in /Applications/MAMP/htdocs/smt/library/System/Database.php:69
Stack trace:
#0 /Applications/MAMP/htdocs/smt/library/System/Database.php(69): PDO->__construct('mysql:host=127....', 'root', 'root')
#1 /Applications/MAMP/htdocs/smt/library/System/Handler.php(86): Database->getQuery('SELECT * FROM w...', Array)
#2 /Applications/MAMP/htdocs/smt/library/System/Handler.php(42): Handler->loadConfig()
#3 /Applications/MAMP/htdocs/smt/library/App/Base.php(120): Handler->__construct()
#4 /Applications/MAMP/htdocs/smt/library/App/Config.php(108): Base->registerClass('Handler')
#5 /Applications/MAMP/htdocs/smt/library/App/Config.php(40): Config->autoLoader()
#6 /Applications/MAMP/htdocs/smt/library/App.php(38): Config->__construct()
#7 /Applications/MAMP/htdocs/smt/library/App.php(43): App\App->__construct()
#8 /Applications/MAMP/htdocs/smt/index.php(38): include_once('/Applications/M...')
#9 {main}
27.08.2019 - 05:29Uhr: 



/administration/standby
PDOException: SQLSTATE[HY000] [2002] Connection refused in /Applications/MAMP/htdocs/smt/library/System/Database.php:69
Stack trace:
#0 /Applications/MAMP/htdocs/smt/library/System/Database.php(69): PDO->__construct('mysql:host=127....', 'root', 'root')
#1 /Applications/MAMP/htdocs/smt/library/System/Handler.php(86): Database->getQuery('SELECT * FROM w...', Array)
#2 /Applications/MAMP/htdocs/smt/library/System/Handler.php(42): Handler->loadConfig()
#3 /Applications/MAMP/htdocs/smt/library/App/Base.php(120): Handler->__construct()
#4 /Applications/MAMP/htdocs/smt/library/App/Config.php(108): Base->registerClass('Handler')
#5 /Applications/MAMP/htdocs/smt/library/App/Config.php(40): Config->autoLoader()
#6 /Applications/MAMP/htdocs/smt/library/App.php(38): Config->__construct()
#7 /Applications/MAMP/htdocs/smt/library/App.php(43): App\App->__construct()
#8 /Applications/MAMP/htdocs/smt/index.php(38): include_once('/Applications/M...')
#9 {main}
27.08.2019 - 05:29Uhr: 



/administration/standby
PDOException: SQLSTATE[HY000] [2002] Connection refused in /Applications/MAMP/htdocs/smt/library/System/Database.php:69
Stack trace:
#0 /Applications/MAMP/htdocs/smt/library/System/Database.php(69): PDO->__construct('mysql:host=127....', 'root', 'root')
#1 /Applications/MAMP/htdocs/smt/library/System/Handler.php(86): Database->getQuery('SELECT * FROM w...', Array)
#2 /Applications/MAMP/htdocs/smt/library/System/Handler.php(42): Handler->loadConfig()
#3 /Applications/MAMP/htdocs/smt/library/App/Base.php(120): Handler->__construct()
#4 /Applications/MAMP/htdocs/smt/library/App/Config.php(108): Base->registerClass('Handler')
#5 /Applications/MAMP/htdocs/smt/library/App/Config.php(40): Config->autoLoader()
#6 /Applications/MAMP/htdocs/smt/library/App.php(38): Config->__construct()
#7 /Applications/MAMP/htdocs/smt/library/App.php(43): App\App->__construct()
#8 /Applications/MAMP/htdocs/smt/index.php(38): include_once('/Applications/M...')
#9 {main}
27.08.2019 - 05:29Uhr: 



/administration/standby
PDOException: SQLSTATE[HY000] [2002] Connection refused in /Applications/MAMP/htdocs/smt/library/System/Database.php:69
Stack trace:
#0 /Applications/MAMP/htdocs/smt/library/System/Database.php(69): PDO->__construct('mysql:host=127....', 'root', 'root')
#1 /Applications/MAMP/htdocs/smt/library/System/Handler.php(86): Database->getQuery('SELECT * FROM w...', Array)
#2 /Applications/MAMP/htdocs/smt/library/System/Handler.php(42): Handler->loadConfig()
#3 /Applications/MAMP/htdocs/smt/library/App/Base.php(120): Handler->__construct()
#4 /Applications/MAMP/htdocs/smt/library/App/Config.php(108): Base->registerClass('Handler')
#5 /Applications/MAMP/htdocs/smt/library/App/Config.php(40): Config->autoLoader()
#6 /Applications/MAMP/htdocs/smt/library/App.php(38): Config->__construct()
#7 /Applications/MAMP/htdocs/smt/library/App.php(43): App\App->__construct()
#8 /Applications/MAMP/htdocs/smt/index.php(38): include_once('/Applications/M...')
#9 {main}
27.08.2019 - 05:29Uhr: 



/administration/servicelog
PDOException: SQLSTATE[HY000] [2002] Connection refused in /Applications/MAMP/htdocs/smt/library/System/Database.php:69
Stack trace:
#0 /Applications/MAMP/htdocs/smt/library/System/Database.php(69): PDO->__construct('mysql:host=127....', 'root', 'root')
#1 /Applications/MAMP/htdocs/smt/library/System/Handler.php(86): Database->getQuery('SELECT * FROM w...', Array)
#2 /Applications/MAMP/htdocs/smt/library/System/Handler.php(42): Handler->loadConfig()
#3 /Applications/MAMP/htdocs/smt/library/App/Base.php(120): Handler->__construct()
#4 /Applications/MAMP/htdocs/smt/library/App/Config.php(108): Base->registerClass('Handler')
#5 /Applications/MAMP/htdocs/smt/library/App/Config.php(40): Config->autoLoader()
#6 /Applications/MAMP/htdocs/smt/library/App.php(38): Config->__construct()
#7 /Applications/MAMP/htdocs/smt/library/App.php(43): App\App->__construct()
#8 /Applications/MAMP/htdocs/smt/index.php(38): include_once('/Applications/M...')
#9 {main}
27.08.2019 - 05:29Uhr: 



/administration/servicelog
PDOException: SQLSTATE[HY000] [2002] Connection refused in /Applications/MAMP/htdocs/smt/library/System/Database.php:69
Stack trace:
#0 /Applications/MAMP/htdocs/smt/library/System/Database.php(69): PDO->__construct('mysql:host=127....', 'root', 'root')
#1 /Applications/MAMP/htdocs/smt/library/System/Handler.php(86): Database->getQuery('SELECT * FROM w...', Array)
#2 /Applications/MAMP/htdocs/smt/library/System/Handler.php(42): Handler->loadConfig()
#3 /Applications/MAMP/htdocs/smt/library/App/Base.php(120): Handler->__construct()
#4 /Applications/MAMP/htdocs/smt/library/App/Config.php(108): Base->registerClass('Handler')
#5 /Applications/MAMP/htdocs/smt/library/App/Config.php(40): Config->autoLoader()
#6 /Applications/MAMP/htdocs/smt/library/App.php(38): Config->__construct()
#7 /Applications/MAMP/htdocs/smt/library/App.php(43): App\App->__construct()
#8 /Applications/MAMP/htdocs/smt/index.php(38): include_once('/Applications/M...')
#9 {main}
27.08.2019 - 05:29Uhr: 



/administration/standby
PDOException: SQLSTATE[HY000] [2002] Connection refused in /Applications/MAMP/htdocs/smt/library/System/Database.php:69
Stack trace:
#0 /Applications/MAMP/htdocs/smt/library/System/Database.php(69): PDO->__construct('mysql:host=127....', 'root', 'root')
#1 /Applications/MAMP/htdocs/smt/controller/administration/standby.php(26): Database->getQuery('SELECT * FROM p...', Array)
#2 /Applications/MAMP/htdocs/smt/controller/administration.php(9): require_once('/Applications/M...')
#3 /Applications/MAMP/htdocs/smt/library/App/Content.php(74): require_once('/Applications/M...')
#4 /Applications/MAMP/htdocs/smt/library/App/Content.php(34): Content->loadController()
#5 /Applications/MAMP/htdocs/smt/library/App/Base.php(34): Content->__construct()
#6 /Applications/MAMP/htdocs/smt/library/App/Language.php(42): Base->__construct()
#7 /Applications/MAMP/htdocs/smt/library/App/Config.php(64): Language->__construct()
#8 /Applications/MAMP/htdocs/smt/library/App.php(38): Config->__construct()
#9 /Applications/MAMP/htdocs/smt/library/App.php(43): App\App->__construct()
#10 /Applications/MAMP/htdocs/smt/index.php(38): include_once('/Applications/M...')
#11 {main}
27.08.2019 - 05:30Uhr: 



/administration/servicelog
PDOException: SQLSTATE[HY000] [2002] Connection refused in /Applications/MAMP/htdocs/smt/library/System/Database.php:69
Stack trace:
#0 /Applications/MAMP/htdocs/smt/library/System/Database.php(69): PDO->__construct('mysql:host=127....', 'root', 'root')
#1 /Applications/MAMP/htdocs/smt/library/System/Handler.php(86): Database->getQuery('SELECT * FROM w...', Array)
#2 /Applications/MAMP/htdocs/smt/library/System/Handler.php(42): Handler->loadConfig()
#3 /Applications/MAMP/htdocs/smt/library/App/Base.php(120): Handler->__construct()
#4 /Applications/MAMP/htdocs/smt/library/App/Config.php(108): Base->registerClass('Handler')
#5 /Applications/MAMP/htdocs/smt/library/App/Config.php(40): Config->autoLoader()
#6 /Applications/MAMP/htdocs/smt/library/App.php(38): Config->__construct()
#7 /Applications/MAMP/htdocs/smt/library/App.php(43): App\App->__construct()
#8 /Applications/MAMP/htdocs/smt/index.php(38): include_once('/Applications/M...')
#9 {main}
27.08.2019 - 05:30Uhr: 



/
PDOException: SQLSTATE[HY000] [1049] Unknown database 'server_admin' in C:\wamp64\www\smt\library\System\Database.php:69
Stack trace:
#0 C:\wamp64\www\smt\library\System\Database.php(69): PDO->__construct('mysql:host=loca...', 'root', '')
#1 C:\wamp64\www\smt\library\System\Handler.php(86): Database->getQuery('SELECT * FROM w...', Array)
#2 C:\wamp64\www\smt\library\System\Handler.php(42): Handler->loadConfig()
#3 C:\wamp64\www\smt\library\App\Base.php(120): Handler->__construct()
#4 C:\wamp64\www\smt\library\App\Config.php(108): Base->registerClass('Handler')
#5 C:\wamp64\www\smt\library\App\Config.php(40): Config->autoLoader()
#6 C:\wamp64\www\smt\library\App.php(38): Config->__construct()
#7 C:\wamp64\www\smt\library\App.php(43): App\App->__construct()
#8 C:\wamp64\www\smt\index.php(38): include_once('C:\\wamp64\\www\\s...')
#9 {main}
24.10.2019 - 13:35Uhr: 



/
PDOException: SQLSTATE[HY000] [1049] Unknown database 'server_admin' in C:\wamp64\www\smt\library\System\Database.php:69
Stack trace:
#0 C:\wamp64\www\smt\library\System\Database.php(69): PDO->__construct('mysql:host=loca...', 'root', '')
#1 C:\wamp64\www\smt\library\System\Handler.php(86): Database->getQuery('SELECT * FROM w...', Array)
#2 C:\wamp64\www\smt\library\System\Handler.php(42): Handler->loadConfig()
#3 C:\wamp64\www\smt\library\App\Base.php(120): Handler->__construct()
#4 C:\wamp64\www\smt\library\App\Config.php(108): Base->registerClass('Handler')
#5 C:\wamp64\www\smt\library\App\Config.php(40): Config->autoLoader()
#6 C:\wamp64\www\smt\library\App.php(38): Config->__construct()
#7 C:\wamp64\www\smt\library\App.php(43): App\App->__construct()
#8 C:\wamp64\www\smt\index.php(38): include_once('C:\\wamp64\\www\\s...')
#9 {main}
24.10.2019 - 13:35Uhr: 



/
PDOException: SQLSTATE[HY000] [1049] Unknown database 'server_admin' in C:\wamp64\www\smt\library\System\Database.php:69
Stack trace:
#0 C:\wamp64\www\smt\library\System\Database.php(69): PDO->__construct('mysql:host=loca...', 'root', '')
#1 C:\wamp64\www\smt\library\System\Handler.php(86): Database->getQuery('SELECT * FROM w...', Array)
#2 C:\wamp64\www\smt\library\System\Handler.php(42): Handler->loadConfig()
#3 C:\wamp64\www\smt\library\App\Base.php(120): Handler->__construct()
#4 C:\wamp64\www\smt\library\App\Config.php(108): Base->registerClass('Handler')
#5 C:\wamp64\www\smt\library\App\Config.php(40): Config->autoLoader()
#6 C:\wamp64\www\smt\library\App.php(38): Config->__construct()
#7 C:\wamp64\www\smt\library\App.php(43): App\App->__construct()
#8 C:\wamp64\www\smt\index.php(38): include_once('C:\\wamp64\\www\\s...')
#9 {main}
24.10.2019 - 13:35Uhr: 



/
PDOException: could not find driver in C:\wamp64\www\smt\library\System\Database.php:69
Stack trace:
#0 C:\wamp64\www\smt\library\System\Database.php(69): PDO->__construct('mariadb:host=lo...', 'root', '')
#1 C:\wamp64\www\smt\library\System\Handler.php(86): Database->getQuery('SELECT * FROM w...', Array)
#2 C:\wamp64\www\smt\library\System\Handler.php(42): Handler->loadConfig()
#3 C:\wamp64\www\smt\library\App\Base.php(120): Handler->__construct()
#4 C:\wamp64\www\smt\library\App\Config.php(108): Base->registerClass('Handler')
#5 C:\wamp64\www\smt\library\App\Config.php(40): Config->autoLoader()
#6 C:\wamp64\www\smt\library\App.php(38): Config->__construct()
#7 C:\wamp64\www\smt\library\App.php(43): App\App->__construct()
#8 C:\wamp64\www\smt\index.php(38): include_once('C:\\wamp64\\www\\s...')
#9 {main}
25.10.2019 - 09:29Uhr: 



